app/build/intermediates/manifest_merge_blame_file/debug/manifest-merger-blame-debug-report.txt
1<?xml version="1.0" encoding="utf-8"?>
2<manifest xmlns:android="http://schemas.android.com/apk/res/android"
3    package="com.example.bdroom24"
4    android:versionCode="1"
5    android:versionName="1.0" >
6
7    <uses-sdk
8        android:minSdkVersion="24"
9        android:targetSdkVersion="34" />
10
11    <uses-permission android:name="android.permission.INTERNET" />
11-->src\main\AndroidManifest.xml:57:5-67
11-->src\main\AndroidManifest.xml:57:22-64
12
13    <permission
13-->[androidx.core:core:1.10.0] AndroidManifest.xml:22:5-24:47
14        android:name="com.example.bdroom24.DYNAMIC_RECEIVER_NOT_EXPORTED_PERMISSION"
14-->[androidx.core:core:1.10.0] AndroidManifest.xml:23:9-81
15        android:protectionLevel="signature" />
15-->[androidx.core:core:1.10.0] AndroidManifest.xml:24:9-44
16
17    <uses-permission android:name="com.example.bdroom24.DYNAMIC_RECEIVER_NOT_EXPORTED_PERMISSION" />
17-->[androidx.core:core:1.10.0] AndroidManifest.xml:26:5-97
17-->[androidx.core:core:1.10.0] AndroidManifest.xml:26:22-94
18
19    <application
19-->src\main\AndroidManifest.xml:5:5-56:19
20        android:allowBackup="true"
20-->src\main\AndroidManifest.xml:6:9-35
21        android:appComponentFactory="androidx.core.app.CoreComponentFactory"
21-->[androidx.core:core:1.10.0] AndroidManifest.xml:28:18-86
22        android:dataExtractionRules="@xml/data_extraction_rules"
22-->src\main\AndroidManifest.xml:7:9-65
23        android:debuggable="true"
24        android:extractNativeLibs="false"
25        android:fullBackupContent="@xml/backup_rules"
25-->src\main\AndroidManifest.xml:8:9-54
26        android:icon="@mipmap/ic_launcher"
26-->src\main\AndroidManifest.xml:9:9-43
27        android:label="@string/app_name"
27-->src\main\AndroidManifest.xml:10:9-41
28        android:roundIcon="@mipmap/ic_launcher_round"
28-->src\main\AndroidManifest.xml:11:9-54
29        android:supportsRtl="true"
29-->src\main\AndroidManifest.xml:12:9-35
30        android:testOnly="true"
31        android:theme="@style/Theme.BDRoom24" >
31-->src\main\AndroidManifest.xml:13:9-46
32        <activity
32-->src\main\AndroidManifest.xml:15:9-18:55
33            android:name="com.example.bdroom24.activities.AtualizarCidadeActivity"
33-->src\main\AndroidManifest.xml:16:13-63
34            android:exported="false"
34-->src\main\AndroidManifest.xml:17:13-37
35            android:label="AtualizarCidadeActivity" />
35-->src\main\AndroidManifest.xml:18:13-52
36        <activity
36-->src\main\AndroidManifest.xml:19:9-22:57
37            android:name="com.example.bdroom24.activities.AtualizarEnderecoActivity"
37-->src\main\AndroidManifest.xml:20:13-65
38            android:exported="false"
38-->src\main\AndroidManifest.xml:21:13-37
39            android:label="AtualizarEnderecoActivity" />
39-->src\main\AndroidManifest.xml:22:13-54
40        <activity
40-->src\main\AndroidManifest.xml:23:9-26:57
41            android:name="com.example.bdroom24.activities.AdicionarEnderecoActivity"
41-->src\main\AndroidManifest.xml:24:13-65
42            android:exported="false"
42-->src\main\AndroidManifest.xml:25:13-37
43            android:label="AdicionarEnderecoActivity" />
43-->src\main\AndroidManifest.xml:26:13-54
44        <activity
44-->src\main\AndroidManifest.xml:27:9-30:57
45            android:name="com.example.bdroom24.activities.ControleEnderecosActivity"
45-->src\main\AndroidManifest.xml:28:13-65
46            android:exported="false"
46-->src\main\AndroidManifest.xml:29:13-37
47            android:label="ControleEnderecosActivity" />
47-->src\main\AndroidManifest.xml:30:13-54
48        <activity
48-->src\main\AndroidManifest.xml:31:9-34:54
49            android:name="com.example.bdroom24.activities.AdicionarCidadeAcitivity"
49-->src\main\AndroidManifest.xml:32:13-64
50            android:exported="false"
50-->src\main\AndroidManifest.xml:33:13-37
51            android:label="AdicionarCidadeActivity" />
51-->src\main\AndroidManifest.xml:34:13-52
52        <activity
52-->src\main\AndroidManifest.xml:35:9-38:56
53            android:name="com.example.bdroom24.activities.ControleDeCidadesActivity"
53-->src\main\AndroidManifest.xml:36:13-65
54            android:exported="false"
54-->src\main\AndroidManifest.xml:37:13-37
55            android:label="ControleDeCidadesActivity" />
55-->src\main\AndroidManifest.xml:38:13-54
56        <activity
56-->src\main\AndroidManifest.xml:39:9-43:53
57            android:name="com.example.bdroom24.activities.MenuActivity"
57-->src\main\AndroidManifest.xml:40:13-52
58            android:exported="false"
58-->src\main\AndroidManifest.xml:41:13-37
59            android:label="@string/title_activity_menu"
59-->src\main\AndroidManifest.xml:42:13-56
60            android:theme="@style/Theme.BDRoom24" />
60-->src\main\AndroidManifest.xml:43:13-50
61        <activity
61-->src\main\AndroidManifest.xml:44:9-46:40
62            android:name="com.example.bdroom24.activities.ControleDeUsuarios"
62-->src\main\AndroidManifest.xml:45:13-58
63            android:exported="false" />
63-->src\main\AndroidManifest.xml:46:13-37
64        <activity
64-->src\main\AndroidManifest.xml:47:9-55:20
65            android:name="com.example.bdroom24.activities.MainActivity"
65-->src\main\AndroidManifest.xml:48:13-52
66            android:exported="true" >
66-->src\main\AndroidManifest.xml:49:13-36
67            <intent-filter>
67-->src\main\AndroidManifest.xml:50:13-54:29
68                <action android:name="android.intent.action.MAIN" />
68-->src\main\AndroidManifest.xml:51:17-69
68-->src\main\AndroidManifest.xml:51:25-66
69
70                <category android:name="android.intent.category.LAUNCHER" />
70-->src\main\AndroidManifest.xml:53:17-77
70-->src\main\AndroidManifest.xml:53:27-74
71            </intent-filter>
72        </activity>
73
74        <service
74-->[androidx.room:room-runtime:2.6.1] AndroidManifest.xml:24:9-28:63
75            android:name="androidx.room.MultiInstanceInvalidationService"
75-->[androidx.room:room-runtime:2.6.1] AndroidManifest.xml:25:13-74
76            android:directBootAware="true"
76-->[androidx.room:room-runtime:2.6.1] AndroidManifest.xml:26:13-43
77            android:exported="false" />
77-->[androidx.room:room-runtime:2.6.1] AndroidManifest.xml:27:13-37
78
79        <activity
79-->[androidx.compose.ui:ui-tooling-android:1.5.0] AndroidManifest.xml:23:9-25:39
80            android:name="androidx.compose.ui.tooling.PreviewActivity"
80-->[androidx.compose.ui:ui-tooling-android:1.5.0] AndroidManifest.xml:24:13-71
81            android:exported="true" />
81-->[androidx.compose.ui:ui-tooling-android:1.5.0] AndroidManifest.xml:25:13-36
82        <activity
82-->[androidx.compose.ui:ui-test-manifest:1.5.0] AndroidManifest.xml:23:9-25:39
83            android:name="androidx.activity.ComponentActivity"
83-->[androidx.compose.ui:ui-test-manifest:1.5.0] AndroidManifest.xml:24:13-63
84            android:exported="true" />
84-->[androidx.compose.ui:ui-test-manifest:1.5.0] AndroidManifest.xml:25:13-36
85
86        <provider
86-->[androidx.emoji2:emoji2:1.4.0] AndroidManifest.xml:24:9-32:20
87            android:name="androidx.startup.InitializationProvider"
87-->[androidx.emoji2:emoji2:1.4.0] AndroidManifest.xml:25:13-67
88            android:authorities="com.example.bdroom24.androidx-startup"
88-->[androidx.emoji2:emoji2:1.4.0] AndroidManifest.xml:26:13-68
89            android:exported="false" >
89-->[androidx.emoji2:emoji2:1.4.0] AndroidManifest.xml:27:13-37
90            <meta-data
90-->[androidx.emoji2:emoji2:1.4.0] AndroidManifest.xml:29:13-31:52
91                android:name="androidx.emoji2.text.EmojiCompatInitializer"
91-->[androidx.emoji2:emoji2:1.4.0] AndroidManifest.xml:30:17-75
92                android:value="androidx.startup" />
92-->[androidx.emoji2:emoji2:1.4.0] AndroidManifest.xml:31:17-49
93            <meta-data
93-->[androidx.lifecycle:lifecycle-process:2.6.1] AndroidManifest.xml:29:13-31:52
94                android:name="androidx.lifecycle.ProcessLifecycleInitializer"
94-->[androidx.lifecycle:lifecycle-process:2.6.1] AndroidManifest.xml:30:17-78
95                android:value="androidx.startup" />
95-->[androidx.lifecycle:lifecycle-process:2.6.1] AndroidManifest.xml:31:17-49
96            <meta-data
96-->[androidx.profileinstaller:profileinstaller:1.3.0] AndroidManifest.xml:29:13-31:52
97                android:name="androidx.profileinstaller.ProfileInstallerInitializer"
97-->[androidx.profileinstaller:profileinstaller:1.3.0] AndroidManifest.xml:30:17-85
98                android:value="androidx.startup" />
98-->[androidx.profileinstaller:profileinstaller:1.3.0] AndroidManifest.xml:31:17-49
99        </provider>
100
101        <receiver
101-->[androidx.profileinstaller:profileinstaller:1.3.0] AndroidManifest.xml:34:9-52:20
102            android:name="androidx.profileinstaller.ProfileInstallReceiver"
102-->[androidx.profileinstaller:profileinstaller:1.3.0] AndroidManifest.xml:35:13-76
103            android:directBootAware="false"
103-->[androidx.profileinstaller:profileinstaller:1.3.0] AndroidManifest.xml:36:13-44
104            android:enabled="true"
104-->[androidx.profileinstaller:profileinstaller:1.3.0] AndroidManifest.xml:37:13-35
105            android:exported="true"
105-->[androidx.profileinstaller:profileinstaller:1.3.0] AndroidManifest.xml:38:13-36
106            android:permission="android.permission.DUMP" >
106-->[androidx.profileinstaller:profileinstaller:1.3.0] AndroidManifest.xml:39:13-57
107            <intent-filter>
107-->[androidx.profileinstaller:profileinstaller:1.3.0] AndroidManifest.xml:40:13-42:29
108                <action android:name="androidx.profileinstaller.action.INSTALL_PROFILE" />
108-->[androidx.profileinstaller:profileinstaller:1.3.0] AndroidManifest.xml:41:17-91
108-->[androidx.profileinstaller:profileinstaller:1.3.0] AndroidManifest.xml:41:25-88
109            </intent-filter>
110            <intent-filter>
110-->[androidx.profileinstaller:profileinstaller:1.3.0] AndroidManifest.xml:43:13-45:29
111                <action android:name="androidx.profileinstaller.action.SKIP_FILE" />
111-->[androidx.profileinstaller:profileinstaller:1.3.0] AndroidManifest.xml:44:17-85
111-->[androidx.profileinstaller:profileinstaller:1.3.0] AndroidManifest.xml:44:25-82
112            </intent-filter>
113            <intent-filter>
113-->[androidx.profileinstaller:profileinstaller:1.3.0] AndroidManifest.xml:46:13-48:29
114                <action android:name="androidx.profileinstaller.action.SAVE_PROFILE" />
114-->[androidx.profileinstaller:profileinstaller:1.3.0] AndroidManifest.xml:47:17-88
114-->[androidx.profileinstaller:profileinstaller:1.3.0] AndroidManifest.xml:47:25-85
115            </intent-filter>
116            <intent-filter>
116-->[androidx.profileinstaller:profileinstaller:1.3.0] AndroidManifest.xml:49:13-51:29
117                <action android:name="androidx.profileinstaller.action.BENCHMARK_OPERATION" />
117-->[androidx.profileinstaller:profileinstaller:1.3.0] AndroidManifest.xml:50:17-95
117-->[androidx.profileinstaller:profileinstaller:1.3.0] AndroidManifest.xml:50:25-92
118            </intent-filter>
119        </receiver>
120    </application>
121
122</manifest>